[debug] [2025-09-02T10:16:37.447Z] ----------------------------------------------------------------------
[debug] [2025-09-02T10:16:37.458Z] Command:       C:\Program Files\nodejs\node.exe C:\Users\dines\AppData\Roaming\npm\node_modules\firebase-tools\lib\bin\firebase.js init hosting:github
[debug] [2025-09-02T10:16:37.459Z] CLI Version:   14.15.1
[debug] [2025-09-02T10:16:37.459Z] Platform:      win32
[debug] [2025-09-02T10:16:37.459Z] Node Version:  v22.13.0
[debug] [2025-09-02T10:16:37.459Z] Time:          Tue Sep 02 2025 15:46:37 GMT+0530 (India Standard Time)
[debug] [2025-09-02T10:16:37.460Z] ----------------------------------------------------------------------
[debug] 
[debug] [2025-09-02T10:16:37.682Z] > command requires scopes: ["email","openid","https://www.googleapis.com/auth/cloudplatformprojects.readonly","https://www.googleapis.com/auth/firebase","https://www.googleapis.com/auth/cloud-platform"]
[debug] [2025-09-02T10:16:37.683Z] > authorizing via signed-in user (dineshpandian008@gmail.com)
[info] 
     ######## #### ########  ######## ########     ###     ######  ########
     ##        ##  ##     ## ##       ##     ##  ##   ##  ##       ##
     ######    ##  ########  ######   ########  #########  ######  ######
     ##        ##  ##    ##  ##       ##     ## ##     ##       ## ##
     ##       #### ##     ## ######## ########  ##     ##  ######  ########

You're about to initialize a Firebase project in this directory:

  C:\Users\dines\React\portfolio

Before we get started, keep in mind:

  * You are initializing within an existing Firebase project directory

[info] 
=== Project Setup
[info] 
[info] First, let's associate this project directory with a Firebase project.
[info] You can create multiple project aliases by running firebase use --add, 
[info] but for now we'll just set up a default project.
[info] 
[debug] [2025-09-02T10:16:50.629Z] Using project from CLI flag: portfolio-ecfbe
[debug] [2025-09-02T10:16:50.631Z] Checked if tokens are valid: true, expires at: 1756809689886
[debug] [2025-09-02T10:16:50.632Z] Checked if tokens are valid: true, expires at: 1756809689886
[debug] [2025-09-02T10:16:50.635Z] >>> [apiv2][query] GET https://firebase.googleapis.com/v1beta1/projects/portfolio-ecfbe [none]
[debug] [2025-09-02T10:16:51.765Z] <<< [apiv2][status] GET https://firebase.googleapis.com/v1beta1/projects/portfolio-ecfbe 200
[debug] [2025-09-02T10:16:51.765Z] <<< [apiv2][body] GET https://firebase.googleapis.com/v1beta1/projects/portfolio-ecfbe {"projectId":"portfolio-ecfbe","projectNumber":"1075934481797","displayName":"PORTFOLIO","name":"projects/portfolio-ecfbe","resources":{"hostingSite":"portfolio-ecfbe"},"state":"ACTIVE","etag":"1_af1f9ad9-34a5-4097-8256-6f7b52f9271b"}
[info] i  Using project portfolio-ecfbe (PORTFOLIO) 
[info] 
=== Hosting:github Setup
[info] 
[info] i  Detected a .git folder at C:\Users\dines\React\portfolio 
[info] i  Authorizing with GitHub to upload your service account to a GitHub repository's secrets store. 
[info] 
[info] Visit this URL on this device to log in:
[info] https://github.com/login/oauth/authorize?client_id=89cf50f02ac6aaed3484&state=2059556&redirect_uri=http%3A%2F%2Flocalhost%3A9005&scope=read%3Auser%20repo%20public_repo
[info] 
[info] Waiting for authentication...
